<?xml version="1.0" encoding="UTF-8"?>
<coverage generated="1646308661916" clover="3.2.0">
  <project timestamp="1646308661916" name="All files">
    <metrics statements="16" coveredstatements="4" conditionals="0" coveredconditionals="0" methods="7" coveredmethods="0" elements="23" coveredelements="4" complexity="0" loc="16" ncloc="16" packages="3" files="3" classes="3"/>
    <package name="ChatList">
      <metrics statements="4" coveredstatements="2" conditionals="0" coveredconditionals="0" methods="2" coveredmethods="0"/>
      <file name="ChatList.tsx" path="C:\Users\Татьяна\Documents\react_webpack\src\components\ChatList\ChatList.tsx">
        <metrics statements="4" coveredstatements="2" conditionals="0" coveredconditionals="0" methods="2" coveredmethods="0"/>
        <line num="10" count="1" type="stmt"/>
        <line num="16" count="1" type="stmt"/>
        <line num="18" count="0" type="stmt"/>
        <line num="23" count="0" type="stmt"/>
      </file>
    </package>
    <package name="Form">
      <metrics statements="9" coveredstatements="1" conditionals="0" coveredconditionals="0" methods="3" coveredmethods="0"/>
      <file name="Form.tsx" path="C:\Users\Татьяна\Documents\react_webpack\src\components\Form\Form.tsx">
        <metrics statements="9" coveredstatements="1" conditionals="0" coveredconditionals="0" methods="3" coveredmethods="0"/>
        <line num="13" count="1" type="stmt"/>
        <line num="14" count="0" type="stmt"/>
        <line num="15" count="0" type="stmt"/>
        <line num="17" count="0" type="stmt"/>
        <line num="18" count="0" type="stmt"/>
        <line num="19" count="0" type="stmt"/>
        <line num="23" count="0" type="stmt"/>
        <line num="26" count="0" type="stmt"/>
        <line num="33" count="0" type="stmt"/>
      </file>
    </package>
    <package name="MessageList">
      <metrics statements="3" coveredstatements="1" conditionals="0" coveredconditionals="0" methods="2" coveredmethods="0"/>
      <file name="MessageList.tsx" path="C:\Users\Татьяна\Documents\react_webpack\src\components\MessageList\MessageList.tsx">
        <metrics statements="3" coveredstatements="1" conditionals="0" coveredconditionals="0" methods="2" coveredmethods="0"/>
        <line num="10" count="1" type="stmt"/>
        <line num="11" count="0" type="stmt"/>
        <line num="26" count="0" type="stmt"/>
      </file>
    </package>
  </project>
</coverage>
