{"C:\\Users\\Татьяна\\Documents\\react_webpack\\src\\components\\ChatList\\ChatList.tsx": {"path":"C:\\Users\\Татьяна\\Documents\\react_webpack\\src\\components\\ChatList\\ChatList.tsx","statementMap":{"0":{"start":{"line":10,"column":14},"end":{"line":14,"column":1}},"1":{"start":{"line":16,"column":28},"end":{"line":36,"column":1}},"2":{"start":{"line":18,"column":2},"end":{"line":35,"column":4}},"3":{"start":{"line":23,"column":12},"end":{"line":30,"column":23}}},"fnMap":{"0":{"name":"(anonymous_0)","decl":{"start":{"line":16,"column":28},"end":{"line":16,"column":29}},"loc":{"start":{"line":16,"column":34},"end":{"line":36,"column":1}},"line":16},"1":{"name":"(anonymous_1)","decl":{"start":{"line":22,"column":21},"end":{"line":22,"column":22}},"loc":{"start":{"line":23,"column":12},"end":{"line":30,"column":23}},"line":23}},"branchMap":{},"s":{"0":1,"1":1,"2":0,"3":0},"f":{"0":0,"1":0},"b":{},"_coverageSchema":"1a1c01bbd47fc00a2c39e90264f33305004495a9","hash":"69e3748bb09a3196eb04cee2c90937ad8df93d94"}
,"C:\\Users\\Татьяна\\Documents\\react_webpack\\src\\components\\Form\\Form.tsx": {"path":"C:\\Users\\Татьяна\\Documents\\react_webpack\\src\\components\\Form\\Form.tsx","statementMap":{"0":{"start":{"line":13,"column":35},"end":{"line":40,"column":1}},"1":{"start":{"line":14,"column":26},"end":{"line":14,"column":38}},"2":{"start":{"line":15,"column":20},"end":{"line":15,"column":59}},"3":{"start":{"line":17,"column":21},"end":{"line":24,"column":3}},"4":{"start":{"line":18,"column":4},"end":{"line":18,"column":24}},"5":{"start":{"line":19,"column":4},"end":{"line":22,"column":7}},"6":{"start":{"line":23,"column":4},"end":{"line":23,"column":16}},"7":{"start":{"line":26,"column":2},"end":{"line":39,"column":4}},"8":{"start":{"line":33,"column":26},"end":{"line":33,"column":50}}},"fnMap":{"0":{"name":"(anonymous_0)","decl":{"start":{"line":13,"column":35},"end":{"line":13,"column":36}},"loc":{"start":{"line":13,"column":55},"end":{"line":40,"column":1}},"line":13},"1":{"name":"(anonymous_1)","decl":{"start":{"line":17,"column":21},"end":{"line":17,"column":22}},"loc":{"start":{"line":17,"column":63},"end":{"line":24,"column":3}},"line":17},"2":{"name":"(anonymous_2)","decl":{"start":{"line":33,"column":18},"end":{"line":33,"column":19}},"loc":{"start":{"line":33,"column":26},"end":{"line":33,"column":50}},"line":33}},"branchMap":{},"s":{"0":1,"1":0,"2":0,"3":0,"4":0,"5":0,"6":0,"7":0,"8":0},"f":{"0":0,"1":0,"2":0},"b":{},"_coverageSchema":"1a1c01bbd47fc00a2c39e90264f33305004495a9","hash":"2118f285fd0abbaddcd1821939a436756feb9089"}
,"C:\\Users\\Татьяна\\Documents\\react_webpack\\src\\components\\MessageList\\MessageList.tsx": {"path":"C:\\Users\\Татьяна\\Documents\\react_webpack\\src\\components\\MessageList\\MessageList.tsx","statementMap":{"0":{"start":{"line":10,"column":48},"end":{"line":34,"column":1}},"1":{"start":{"line":11,"column":2},"end":{"line":33,"column":4}},"2":{"start":{"line":26,"column":12},"end":{"line":28,"column":17}}},"fnMap":{"0":{"name":"(anonymous_0)","decl":{"start":{"line":10,"column":48},"end":{"line":10,"column":49}},"loc":{"start":{"line":10,"column":66},"end":{"line":34,"column":1}},"line":10},"1":{"name":"(anonymous_1)","decl":{"start":{"line":25,"column":24},"end":{"line":25,"column":25}},"loc":{"start":{"line":26,"column":12},"end":{"line":28,"column":17}},"line":26}},"branchMap":{},"s":{"0":1,"1":0,"2":0},"f":{"0":0,"1":0},"b":{},"_coverageSchema":"1a1c01bbd47fc00a2c39e90264f33305004495a9","hash":"9df6946c638f77d889c0ffe0db31bd77d5796b4c"}
}
